Detecting compiler hash for triplet arm64-osx...
The following packages will be built and installed:
  * brotli:arm64-osx@1.1.0#1 -- /Users/borislavsvilenov/.cache/vcpkg/registries/git-trees/4e5b5ae1ad26c80535c893cc0307121f0398549e
  * bzip2[core,tool]:arm64-osx@1.0.8#5 -- /Users/borislavsvilenov/.cache/vcpkg/registries/git-trees/92e9a8bbf1abbd89872b48ad82fcf75852de1006
  * freetype[brotli,bzip2,core,png,zlib]:arm64-osx@2.13.2 -- /Users/borislavsvilenov/.cache/vcpkg/registries/git-trees/443f320ccf3139bc1818f0cc273944a56e960d6e
  * libflac:arm64-osx@1.4.3 -- /Users/borislavsvilenov/.cache/vcpkg/registries/git-trees/b03480bcc5f27cdc9a5f51fef012f880f1b0bf8d
  * libogg:arm64-osx@1.3.5#1 -- /Users/borislavsvilenov/.cache/vcpkg/registries/git-trees/98e27727c32704393494d32615c25b7b16eb3067
  * libpng:arm64-osx@1.6.40#1 -- /Users/borislavsvilenov/.cache/vcpkg/registries/git-trees/8b6d2c1150541a94c0ca5b2f060eb21eed4a40b2
  * libvorbis:arm64-osx@1.3.7#2 -- /Users/borislavsvilenov/.cache/vcpkg/registries/git-trees/c4c646a26ce3e6ad63992d3e4a55cb185159b23c
  * openal-soft:arm64-osx@1.23.1 -- /Users/borislavsvilenov/.cache/vcpkg/registries/git-trees/d23d6573247830bd439e418fe0e31321de778d85
    sfml:arm64-osx@2.6.1 -- /Users/borislavsvilenov/.cache/vcpkg/registries/git-trees/3cf9cce0cc82c37f5a37c1c97d05c7fcb4609486
  * zlib:arm64-osx@1.3.1 -- /Users/borislavsvilenov/.cache/vcpkg/registries/git-trees/3f05e04b9aededb96786a911a16193cdb711f0c9
Additional packages (*) will be modified to complete this operation.
Restored 0 package(s) from /Users/borislavsvilenov/.cache/vcpkg/archives in 27.9 us. Use --debug to see more details.
Installing 1/10 openal-soft:arm64-osx@1.23.1...
Building openal-soft:arm64-osx@1.23.1...
-- Installing port from location: /Users/borislavsvilenov/.cache/vcpkg/registries/git-trees/d23d6573247830bd439e418fe0e31321de778d85
-- Using cached kcat-openal-soft-1.23.1.tar.gz.
-- Cleaning sources at /Users/borislavsvilenov/vcpkg/buildtrees/openal-soft/src/1.23.1-180897dbaa.clean. Use --editable to skip cleaning for the packages you specify.
-- Extracting source /Users/borislavsvilenov/vcpkg/downloads/kcat-openal-soft-1.23.1.tar.gz
-- Applying patch c12ada68951ea67a59bef7d4fcdf22334990c12a.patch
-- Using source at /Users/borislavsvilenov/vcpkg/buildtrees/openal-soft/src/1.23.1-180897dbaa.clean
-- Found external ninja('1.11.1').
-- Configuring arm64-osx
-- Building arm64-osx-dbg
-- Building arm64-osx-rel
-- Fixing pkgconfig file: /Users/borislavsvilenov/vcpkg/packages/openal-soft_arm64-osx/lib/pkgconfig/openal.pc
-- Fixing pkgconfig file: /Users/borislavsvilenov/vcpkg/packages/openal-soft_arm64-osx/debug/lib/pkgconfig/openal.pc
-- Installing: /Users/borislavsvilenov/vcpkg/packages/openal-soft_arm64-osx/share/openal-soft/copyright
-- Performing post-build validation
Stored binaries in 1 destinations in 787 ms.
Elapsed time to handle openal-soft:arm64-osx: 18 s
openal-soft:arm64-osx package ABI: c497badfcc0765e88c94b67cba2448d933edbce5bd0bf70d65d2a3ff56b6215c
Installing 2/10 libogg:arm64-osx@1.3.5#1...
Building libogg:arm64-osx@1.3.5#1...
-- Installing port from location: /Users/borislavsvilenov/.cache/vcpkg/registries/git-trees/98e27727c32704393494d32615c25b7b16eb3067
-- Downloading https://gitlab.xiph.org/xiph/ogg/-/archive/v1.3.5/ogg-v1.3.5.tar.gz -> xiph-ogg-v1.3.5.tar.gz...
-- Extracting source /Users/borislavsvilenov/vcpkg/downloads/xiph-ogg-v1.3.5.tar.gz
-- Using source at /Users/borislavsvilenov/vcpkg/buildtrees/libogg/src/v1.3.5-1a4243fef9.clean
-- Found external ninja('1.11.1').
-- Configuring arm64-osx
-- Building arm64-osx-dbg
-- Building arm64-osx-rel
-- Fixing pkgconfig file: /Users/borislavsvilenov/vcpkg/packages/libogg_arm64-osx/lib/pkgconfig/ogg.pc
-- Fixing pkgconfig file: /Users/borislavsvilenov/vcpkg/packages/libogg_arm64-osx/debug/lib/pkgconfig/ogg.pc
-- Installing: /Users/borislavsvilenov/vcpkg/packages/libogg_arm64-osx/share/libogg/copyright
-- Performing post-build validation
Stored binaries in 1 destinations in 8.93 ms.
Elapsed time to handle libogg:arm64-osx: 4.5 s
libogg:arm64-osx package ABI: 9a9db9f470e7ae489300047817d52f87aac7bf0e4b5b687e4db50ebbda22f2be
Installing 3/10 libvorbis:arm64-osx@1.3.7#2...
Building libvorbis:arm64-osx@1.3.7#2...
-- Installing port from location: /Users/borislavsvilenov/.cache/vcpkg/registries/git-trees/c4c646a26ce3e6ad63992d3e4a55cb185159b23c
-- Downloading https://github.com/xiph/vorbis/archive/v1.3.7.tar.gz -> xiph-vorbis-v1.3.7.tar.gz...
-- Extracting source /Users/borislavsvilenov/vcpkg/downloads/xiph-vorbis-v1.3.7.tar.gz
-- Applying patch 0001-Dont-export-vorbisenc-functions.patch
-- Applying patch 0002-Fixup-pkgconfig-libs.patch
-- Applying patch 0003-def-mingw-compat.patch
-- Using source at /Users/borislavsvilenov/vcpkg/buildtrees/libvorbis/src/v1.3.7-1480004d18.clean
-- Found external ninja('1.11.1').
-- Configuring arm64-osx
-- Building arm64-osx-dbg
-- Building arm64-osx-rel
-- Fixing pkgconfig file: /Users/borislavsvilenov/vcpkg/packages/libvorbis_arm64-osx/lib/pkgconfig/vorbis.pc
-- Fixing pkgconfig file: /Users/borislavsvilenov/vcpkg/packages/libvorbis_arm64-osx/lib/pkgconfig/vorbisenc.pc
-- Fixing pkgconfig file: /Users/borislavsvilenov/vcpkg/packages/libvorbis_arm64-osx/lib/pkgconfig/vorbisfile.pc
-- Fixing pkgconfig file: /Users/borislavsvilenov/vcpkg/packages/libvorbis_arm64-osx/debug/lib/pkgconfig/vorbis.pc
-- Fixing pkgconfig file: /Users/borislavsvilenov/vcpkg/packages/libvorbis_arm64-osx/debug/lib/pkgconfig/vorbisenc.pc
-- Fixing pkgconfig file: /Users/borislavsvilenov/vcpkg/packages/libvorbis_arm64-osx/debug/lib/pkgconfig/vorbisfile.pc
-- Installing: /Users/borislavsvilenov/vcpkg/packages/libvorbis_arm64-osx/share/libvorbis/usage
-- Installing: /Users/borislavsvilenov/vcpkg/packages/libvorbis_arm64-osx/share/libvorbis/copyright
-- Performing post-build validation
Stored binaries in 1 destinations in 89.8 ms.
Elapsed time to handle libvorbis:arm64-osx: 3.5 s
libvorbis:arm64-osx package ABI: 7b301e61b8dc4e224c749064f88e9691476c9dacb5bb6b4b831e19c0dd5348ca
Installing 4/10 libflac:arm64-osx@1.4.3...
Building libflac:arm64-osx@1.4.3...
-- Installing port from location: /Users/borislavsvilenov/.cache/vcpkg/registries/git-trees/b03480bcc5f27cdc9a5f51fef012f880f1b0bf8d
-- Downloading https://github.com/xiph/flac/archive/1.4.3.tar.gz -> xiph-flac-1.4.3.tar.gz...
-- Extracting source /Users/borislavsvilenov/vcpkg/downloads/xiph-flac-1.4.3.tar.gz
-- Applying patch fix-compile-options.patch
-- Using source at /Users/borislavsvilenov/vcpkg/buildtrees/libflac/src/1.4.3-00043104ae.clean
-- Found external ninja('1.11.1').
-- Configuring arm64-osx
-- Building arm64-osx-dbg
-- Building arm64-osx-rel
-- Fixing pkgconfig file: /Users/borislavsvilenov/vcpkg/packages/libflac_arm64-osx/lib/pkgconfig/flac++.pc
-- Fixing pkgconfig file: /Users/borislavsvilenov/vcpkg/packages/libflac_arm64-osx/lib/pkgconfig/flac.pc
-- Fixing pkgconfig file: /Users/borislavsvilenov/vcpkg/packages/libflac_arm64-osx/debug/lib/pkgconfig/flac++.pc
-- Fixing pkgconfig file: /Users/borislavsvilenov/vcpkg/packages/libflac_arm64-osx/debug/lib/pkgconfig/flac.pc
-- Installing: /Users/borislavsvilenov/vcpkg/packages/libflac_arm64-osx/share/libflac/copyright
-- Installing: /Users/borislavsvilenov/vcpkg/packages/libflac_arm64-osx/share/libflac/usage
-- Performing post-build validation
Stored binaries in 1 destinations in 82.1 ms.
Elapsed time to handle libflac:arm64-osx: 6.2 s
libflac:arm64-osx package ABI: a547147291d46de7ca780d5a9cbe129248609e6d179fb443c48b4981219a91e6
Installing 5/10 zlib:arm64-osx@1.3.1...
Building zlib:arm64-osx@1.3.1...
-- Installing port from location: /Users/borislavsvilenov/.cache/vcpkg/registries/git-trees/3f05e04b9aededb96786a911a16193cdb711f0c9
-- Downloading https://github.com/madler/zlib/archive/v1.3.1.tar.gz -> madler-zlib-v1.3.1.tar.gz...
-- Extracting source /Users/borislavsvilenov/vcpkg/downloads/madler-zlib-v1.3.1.tar.gz
-- Applying patch 0001-Prevent-invalid-inclusions-when-HAVE_-is-set-to-0.patch
-- Applying patch 0002-build-static-or-shared-not-both.patch
-- Applying patch 0003-android-and-mingw-fixes.patch
-- Using source at /Users/borislavsvilenov/vcpkg/buildtrees/zlib/src/v1.3.1-2e5db616bf.clean
-- Found external ninja('1.11.1').
-- Configuring arm64-osx
-- Building arm64-osx-dbg
-- Building arm64-osx-rel
-- Installing: /Users/borislavsvilenov/vcpkg/packages/zlib_arm64-osx/share/zlib/vcpkg-cmake-wrapper.cmake
-- Fixing pkgconfig file: /Users/borislavsvilenov/vcpkg/packages/zlib_arm64-osx/lib/pkgconfig/zlib.pc
-- Fixing pkgconfig file: /Users/borislavsvilenov/vcpkg/packages/zlib_arm64-osx/debug/lib/pkgconfig/zlib.pc
-- Installing: /Users/borislavsvilenov/vcpkg/packages/zlib_arm64-osx/share/zlib/copyright
-- Performing post-build validation
Stored binaries in 1 destinations in 23 ms.
Elapsed time to handle zlib:arm64-osx: 2.7 s
zlib:arm64-osx package ABI: f0f79475d445af1bf6b180c0156dd1be09068b8e080f7cdc712f86f4dc1eac11
Installing 6/10 libpng:arm64-osx@1.6.40#1...
Building libpng:arm64-osx@1.6.40#1...
-- Installing port from location: /Users/borislavsvilenov/.cache/vcpkg/registries/git-trees/8b6d2c1150541a94c0ca5b2f060eb21eed4a40b2
-- Downloading https://github.com/glennrp/libpng/archive/v1.6.40.tar.gz -> glennrp-libpng-v1.6.40.tar.gz...
-- Extracting source /Users/borislavsvilenov/vcpkg/downloads/glennrp-libpng-v1.6.40.tar.gz
-- Applying patch cmake.patch
-- Applying patch fix-export-targets.patch
-- Applying patch libm.patch
-- Applying patch pkgconfig.patch
-- Applying patch fix-msa-support-for-mips.patch
-- Using source at /Users/borislavsvilenov/vcpkg/buildtrees/libpng/src/v1.6.40-2d42afc4f5.clean
-- Found external ninja('1.11.1').
-- Configuring arm64-osx
-- Building arm64-osx-dbg
-- Building arm64-osx-rel
-- Installing: /Users/borislavsvilenov/vcpkg/packages/libpng_arm64-osx/share/png/vcpkg-cmake-wrapper.cmake
-- Fixing pkgconfig file: /Users/borislavsvilenov/vcpkg/packages/libpng_arm64-osx/lib/pkgconfig/libpng16.pc
-- Fixing pkgconfig file: /Users/borislavsvilenov/vcpkg/packages/libpng_arm64-osx/debug/lib/pkgconfig/libpng16.pc
-- Installing: /Users/borislavsvilenov/vcpkg/packages/libpng_arm64-osx/debug/lib/pkgconfig/libpng.pc
-- Installing: /Users/borislavsvilenov/vcpkg/packages/libpng_arm64-osx/lib/pkgconfig/libpng.pc
-- Installing: /Users/borislavsvilenov/vcpkg/packages/libpng_arm64-osx/share/libpng/usage
-- Installing: /Users/borislavsvilenov/vcpkg/packages/libpng_arm64-osx/share/libpng/copyright
-- Performing post-build validation
Stored binaries in 1 destinations in 66.3 ms.
Elapsed time to handle libpng:arm64-osx: 3.4 s
libpng:arm64-osx package ABI: 239a3382b8c036dd7207f108b431ea1fe84f3d03ffff98d57881fffc17838063
Installing 7/10 bzip2[core,tool]:arm64-osx@1.0.8#5...
Building bzip2[core,tool]:arm64-osx@1.0.8#5...
-- Installing port from location: /Users/borislavsvilenov/.cache/vcpkg/registries/git-trees/92e9a8bbf1abbd89872b48ad82fcf75852de1006
-- Downloading https://sourceware.org/pub/bzip2/bzip2-1.0.8.tar.gz -> bzip2-1.0.8.tar.gz...
-- Extracting source /Users/borislavsvilenov/vcpkg/downloads/bzip2-1.0.8.tar.gz
-- Applying patch fix-import-export-macros.patch
-- Using source at /Users/borislavsvilenov/vcpkg/buildtrees/bzip2/src/bzip2-1-336d4794a3.clean
-- Found external ninja('1.11.1').
-- Configuring arm64-osx
-- Building arm64-osx-dbg
-- Building arm64-osx-rel
-- Fixing pkgconfig file: /Users/borislavsvilenov/vcpkg/packages/bzip2_arm64-osx/lib/pkgconfig/bzip2.pc
-- Fixing pkgconfig file: /Users/borislavsvilenov/vcpkg/packages/bzip2_arm64-osx/debug/lib/pkgconfig/bzip2.pc
-- Installing: /Users/borislavsvilenov/vcpkg/packages/bzip2_arm64-osx/share/bzip2/copyright
-- Performing post-build validation
Stored binaries in 1 destinations in 21.9 ms.
Elapsed time to handle bzip2:arm64-osx: 3.6 s
bzip2:arm64-osx package ABI: 8c83d58e5cb94b361ab0a8516f57a45f1a067b2e25010428d6a62309aad46ade
Installing 8/10 brotli:arm64-osx@1.1.0#1...
Building brotli:arm64-osx@1.1.0#1...
-- Installing port from location: /Users/borislavsvilenov/.cache/vcpkg/registries/git-trees/4e5b5ae1ad26c80535c893cc0307121f0398549e
-- Downloading https://github.com/google/brotli/archive/v1.1.0.tar.gz -> google-brotli-v1.1.0.tar.gz...
-- Extracting source /Users/borislavsvilenov/vcpkg/downloads/google-brotli-v1.1.0.tar.gz
-- Applying patch install.patch
-- Applying patch fix-arm-uwp.patch
-- Applying patch pkgconfig.patch
-- Applying patch emscripten.patch
-- Using source at /Users/borislavsvilenov/vcpkg/buildtrees/brotli/src/v1.1.0-958bece74c.clean
-- Found external ninja('1.11.1').
-- Configuring arm64-osx
-- Building arm64-osx-dbg
-- Building arm64-osx-rel
-- Fixing pkgconfig file: /Users/borislavsvilenov/vcpkg/packages/brotli_arm64-osx/lib/pkgconfig/libbrotlicommon.pc
-- Fixing pkgconfig file: /Users/borislavsvilenov/vcpkg/packages/brotli_arm64-osx/lib/pkgconfig/libbrotlidec.pc
-- Fixing pkgconfig file: /Users/borislavsvilenov/vcpkg/packages/brotli_arm64-osx/lib/pkgconfig/libbrotlienc.pc
-- Fixing pkgconfig file: /Users/borislavsvilenov/vcpkg/packages/brotli_arm64-osx/debug/lib/pkgconfig/libbrotlicommon.pc
-- Fixing pkgconfig file: /Users/borislavsvilenov/vcpkg/packages/brotli_arm64-osx/debug/lib/pkgconfig/libbrotlidec.pc
-- Fixing pkgconfig file: /Users/borislavsvilenov/vcpkg/packages/brotli_arm64-osx/debug/lib/pkgconfig/libbrotlienc.pc
-- Installing: /Users/borislavsvilenov/vcpkg/packages/brotli_arm64-osx/share/brotli/usage
-- Installing: /Users/borislavsvilenov/vcpkg/packages/brotli_arm64-osx/share/brotli/copyright
-- Performing post-build validation
Stored binaries in 1 destinations in 160 ms.
Elapsed time to handle brotli:arm64-osx: 5.5 s
brotli:arm64-osx package ABI: 12abc21d4ef2bc48f3e3ca4f0133f80af4d783770fc897d817b9c0e34670696e
Installing 9/10 freetype[brotli,bzip2,core,png,zlib]:arm64-osx@2.13.2...
Building freetype[brotli,bzip2,core,png,zlib]:arm64-osx@2.13.2...
-- Installing port from location: /Users/borislavsvilenov/.cache/vcpkg/registries/git-trees/443f320ccf3139bc1818f0cc273944a56e960d6e
-- Downloading https://sourceforge.net/projects/freetype/files/freetype2/2.13.2/freetype-2.13.2.tar.xz/download;https://sourceforge.net/projects/freetype/files/freetype2/2.13.2/freetype-2.13.2.tar.xz/download?use_mirror=cfhcable;https://sourceforge.net/projects/freetype/files/freetype2/2.13.2/freetype-2.13.2.tar.xz/download?use_mirror=pilotfiber;https://sourceforge.net/projects/freetype/files/freetype2/2.13.2/freetype-2.13.2.tar.xz/download?use_mirror=gigenet;https://sourceforge.net/projects/freetype/files/freetype2/2.13.2/freetype-2.13.2.tar.xz/download?use_mirror=versaweb;https://sourceforge.net/projects/freetype/files/freetype2/2.13.2/freetype-2.13.2.tar.xz/download?use_mirror=ayera;https://sourceforge.net/projects/freetype/files/freetype2/2.13.2/freetype-2.13.2.tar.xz/download?use_mirror=netactuate;https://sourceforge.net/projects/freetype/files/freetype2/2.13.2/freetype-2.13.2.tar.xz/download?use_mirror=phoenixnap;https://sourceforge.net/projects/freetype/files/freetype2/2.13.2/freetype-2.13.2.tar.xz/download?use_mirror=astuteinternet;https://sourceforge.net/projects/freetype/files/freetype2/2.13.2/freetype-2.13.2.tar.xz/download?use_mirror=freefr;https://sourceforge.net/projects/freetype/files/freetype2/2.13.2/freetype-2.13.2.tar.xz/download?use_mirror=netcologne;https://sourceforge.net/projects/freetype/files/freetype2/2.13.2/freetype-2.13.2.tar.xz/download?use_mirror=deac-riga;https://sourceforge.net/projects/freetype/files/freetype2/2.13.2/freetype-2.13.2.tar.xz/download?use_mirror=excellmedia;https://sourceforge.net/projects/freetype/files/freetype2/2.13.2/freetype-2.13.2.tar.xz/download?use_mirror=iweb;https://sourceforge.net/projects/freetype/files/freetype2/2.13.2/freetype-2.13.2.tar.xz/download?use_mirror=jaist;https://sourceforge.net/projects/freetype/files/freetype2/2.13.2/freetype-2.13.2.tar.xz/download?use_mirror=jztkft;https://sourceforge.net/projects/freetype/files/freetype2/2.13.2/freetype-2.13.2.tar.xz/download?use_mirror=managedway;https://sourceforge.net/projects/freetype/files/freetype2/2.13.2/freetype-2.13.2.tar.xz/download?use_mirror=nchc;https://sourceforge.net/projects/freetype/files/freetype2/2.13.2/freetype-2.13.2.tar.xz/download?use_mirror=netix;https://sourceforge.net/projects/freetype/files/freetype2/2.13.2/freetype-2.13.2.tar.xz/download?use_mirror=ufpr;https://sourceforge.net/projects/freetype/files/freetype2/2.13.2/freetype-2.13.2.tar.xz/download?use_mirror=tenet -> freetype-2.13.2.tar.xz...
-- Extracting source /Users/borislavsvilenov/vcpkg/downloads/freetype-2.13.2.tar.xz
-- Applying patch 0003-Fix-UWP.patch
-- Applying patch brotli-static.patch
-- Applying patch bzip2.patch
-- Applying patch fix-exports.patch
-- Using source at /Users/borislavsvilenov/vcpkg/buildtrees/freetype/src/freetype-2-dec0fa0f13.clean
-- Found external ninja('1.11.1').
-- Configuring arm64-osx
-- Building arm64-osx-dbg
-- Building arm64-osx-rel
-- Fixing pkgconfig file: /Users/borislavsvilenov/vcpkg/packages/freetype_arm64-osx/lib/pkgconfig/freetype2.pc
-- Fixing pkgconfig file: /Users/borislavsvilenov/vcpkg/packages/freetype_arm64-osx/debug/lib/pkgconfig/freetype2.pc
-- Installing: /Users/borislavsvilenov/vcpkg/packages/freetype_arm64-osx/share/freetype/usage
-- Performing post-build validation
Stored binaries in 1 destinations in 226 ms.
Elapsed time to handle freetype:arm64-osx: 6.8 s
freetype:arm64-osx package ABI: 907fa4cc5e7805b88247f2421e034e824eded2c97a7b58ddbd8ebb9cf281858d
Installing 10/10 sfml:arm64-osx@2.6.1...
Building sfml:arm64-osx@2.6.1...
-- Installing port from location: /Users/borislavsvilenov/.cache/vcpkg/registries/git-trees/3cf9cce0cc82c37f5a37c1c97d05c7fcb4609486
-- Downloading https://github.com/SFML/SFML/archive/2.6.1.tar.gz -> SFML-SFML-2.6.1.tar.gz...
-- Extracting source /Users/borislavsvilenov/vcpkg/downloads/SFML-SFML-2.6.1.tar.gz
-- Applying patch fix-dependencies.patch
-- Using source at /Users/borislavsvilenov/vcpkg/buildtrees/sfml/src/2.6.1-f39277683b.clean
-- Found external ninja('1.11.1').
-- Configuring arm64-osx
CMake Warning at /Users/borislavsvilenov/Projects/CPP/RPG/Temple of the Fallen/build/vcpkg_installed/arm64-osx/share/vcpkg-cmake/vcpkg_cmake_configure.cmake:318 (message):
  The following variables are not used in CMakeLists.txt:

      SFML_MISC_INSTALL_PREFIX
      SFML_WARNINGS_AS_ERRORS

  Please recheck them and remove the unnecessary options from the
  `vcpkg_cmake_configure` call.

  If these options should still be passed for whatever reason, please use the
  `MAYBE_UNUSED_VARIABLES` argument.
Call Stack (most recent call first):
  /Users/borislavsvilenov/.cache/vcpkg/registries/git-trees/3cf9cce0cc82c37f5a37c1c97d05c7fcb4609486/portfile.cmake:17 (vcpkg_cmake_configure)
  scripts/ports.cmake:170 (include)


-- Building arm64-osx-dbg
-- Building arm64-osx-rel
-- Installing: /Users/borislavsvilenov/vcpkg/packages/sfml_arm64-osx/share/sfml/copyright
-- Performing post-build validation
Stored binaries in 1 destinations in 975 ms.
Elapsed time to handle sfml:arm64-osx: 22 s
sfml:arm64-osx package ABI: 38f5d7156a2004e9144c9766bde12aeb39fb0ed7d6e40d54b07cdf4af4093934
Total install time: 1.3 min
The package sfml provides CMake targets:

    find_package(SFML COMPONENTS system window graphics CONFIG REQUIRED)
    target_link_libraries(main PRIVATE sfml-system sfml-network sfml-graphics sfml-window)

    # If you want SFML to provide an implementation of main():
    target_link_libraries(main PRIVATE sfml-main)

